{"/Users/user/Documents/shortlink-server/index.js": {"path":"/Users/user/Documents/shortlink-server/index.js","statementMap":{"0":{"start":{"line":1,"column":0},"end":{"line":1,"column":27}},"1":{"start":{"line":2,"column":16},"end":{"line":2,"column":34}},"2":{"start":{"line":3,"column":13},"end":{"line":3,"column":28}},"3":{"start":{"line":4,"column":18},"end":{"line":4,"column":40}},"4":{"start":{"line":5,"column":18},"end":{"line":5,"column":47}},"5":{"start":{"line":7,"column":12},"end":{"line":7,"column":21}},"6":{"start":{"line":10,"column":0},"end":{"line":10,"column":12}},"7":{"start":{"line":13,"column":0},"end":{"line":13,"column":16}},"8":{"start":{"line":14,"column":0},"end":{"line":14,"column":24}},"9":{"start":{"line":16,"column":0},"end":{"line":16,"column":27}},"10":{"start":{"line":19,"column":13},"end":{"line":19,"column":37}},"11":{"start":{"line":21,"column":0},"end":{"line":21,"column":70}},"12":{"start":{"line":21,"column":23},"end":{"line":21,"column":68}}},"fnMap":{"0":{"name":"(anonymous_0)","decl":{"start":{"line":21,"column":17},"end":{"line":21,"column":18}},"loc":{"start":{"line":21,"column":23},"end":{"line":21,"column":68}},"line":21}},"branchMap":{"0":{"loc":{"start":{"line":19,"column":13},"end":{"line":19,"column":37}},"type":"binary-expr","locations":[{"start":{"line":19,"column":13},"end":{"line":19,"column":29}},{"start":{"line":19,"column":33},"end":{"line":19,"column":37}}],"line":19}},"s":{"0":1,"1":1,"2":1,"3":1,"4":1,"5":1,"6":1,"7":1,"8":1,"9":1,"10":1,"11":1,"12":1},"f":{"0":1},"b":{"0":[1,0]},"_coverageSchema":"1a1c01bbd47fc00a2c39e90264f33305004495a9","hash":"5c9ad732f4c8bae0779c67139af5b75e2b840fd2"}
,"/Users/user/Documents/shortlink-server/controllers/urlController.js": {"path":"/Users/user/Documents/shortlink-server/controllers/urlController.js","statementMap":{"0":{"start":{"line":1,"column":12},"end":{"line":1,"column":36}},"1":{"start":{"line":2,"column":16},"end":{"line":2,"column":34}},"2":{"start":{"line":3,"column":29},"end":{"line":3,"column":57}},"3":{"start":{"line":6,"column":19},"end":{"line":13,"column":1}},"4":{"start":{"line":7,"column":2},"end":{"line":12,"column":3}},"5":{"start":{"line":8,"column":4},"end":{"line":8,"column":17}},"6":{"start":{"line":9,"column":4},"end":{"line":9,"column":16}},"7":{"start":{"line":11,"column":4},"end":{"line":11,"column":17}},"8":{"start":{"line":15,"column":0},"end":{"line":46,"column":2}},"9":{"start":{"line":16,"column":2},"end":{"line":45,"column":3}},"10":{"start":{"line":18,"column":19},"end":{"line":18,"column":40}},"11":{"start":{"line":19,"column":4},"end":{"line":21,"column":5}},"12":{"start":{"line":20,"column":6},"end":{"line":20,"column":62}},"13":{"start":{"line":23,"column":24},"end":{"line":23,"column":32}},"14":{"start":{"line":26,"column":24},"end":{"line":26,"column":54}},"15":{"start":{"line":27,"column":4},"end":{"line":29,"column":5}},"16":{"start":{"line":28,"column":6},"end":{"line":28,"column":58}},"17":{"start":{"line":31,"column":20},"end":{"line":31,"column":38}},"18":{"start":{"line":32,"column":21},"end":{"line":32,"column":70}},"19":{"start":{"line":34,"column":19},"end":{"line":38,"column":6}},"20":{"start":{"line":40,"column":4},"end":{"line":40,"column":24}},"21":{"start":{"line":41,"column":4},"end":{"line":41,"column":39}},"22":{"start":{"line":43,"column":4},"end":{"line":43,"column":23}},"23":{"start":{"line":44,"column":4},"end":{"line":44,"column":52}},"24":{"start":{"line":49,"column":0},"end":{"line":72,"column":2}},"25":{"start":{"line":50,"column":2},"end":{"line":71,"column":3}},"26":{"start":{"line":52,"column":19},"end":{"line":52,"column":40}},"27":{"start":{"line":53,"column":4},"end":{"line":55,"column":5}},"28":{"start":{"line":54,"column":6},"end":{"line":54,"column":62}},"29":{"start":{"line":57,"column":25},"end":{"line":57,"column":33}},"30":{"start":{"line":60,"column":20},"end":{"line":60,"column":45}},"31":{"start":{"line":61,"column":16},"end":{"line":61,"column":46}},"32":{"start":{"line":63,"column":4},"end":{"line":65,"column":5}},"33":{"start":{"line":64,"column":6},"end":{"line":64,"column":62}},"34":{"start":{"line":67,"column":4},"end":{"line":67,"column":39}},"35":{"start":{"line":69,"column":4},"end":{"line":69,"column":23}},"36":{"start":{"line":70,"column":4},"end":{"line":70,"column":52}},"37":{"start":{"line":75,"column":0},"end":{"line":94,"column":2}},"38":{"start":{"line":76,"column":2},"end":{"line":93,"column":3}},"39":{"start":{"line":77,"column":24},"end":{"line":77,"column":34}},"40":{"start":{"line":78,"column":16},"end":{"line":78,"column":46}},"41":{"start":{"line":80,"column":4},"end":{"line":82,"column":5}},"42":{"start":{"line":81,"column":6},"end":{"line":81,"column":62}},"43":{"start":{"line":85,"column":4},"end":{"line":85,"column":20}},"44":{"start":{"line":86,"column":4},"end":{"line":86,"column":34}},"45":{"start":{"line":87,"column":4},"end":{"line":87,"column":21}},"46":{"start":{"line":89,"column":4},"end":{"line":89,"column":30}},"47":{"start":{"line":91,"column":4},"end":{"line":91,"column":23}},"48":{"start":{"line":92,"column":4},"end":{"line":92,"column":52}},"49":{"start":{"line":97,"column":0},"end":{"line":117,"column":2}},"50":{"start":{"line":98,"column":2},"end":{"line":116,"column":3}},"51":{"start":{"line":99,"column":24},"end":{"line":99,"column":34}},"52":{"start":{"line":100,"column":16},"end":{"line":100,"column":46}},"53":{"start":{"line":102,"column":4},"end":{"line":104,"column":5}},"54":{"start":{"line":103,"column":6},"end":{"line":103,"column":62}},"55":{"start":{"line":106,"column":4},"end":{"line":112,"column":7}},"56":{"start":{"line":114,"column":4},"end":{"line":114,"column":23}},"57":{"start":{"line":115,"column":4},"end":{"line":115,"column":52}},"58":{"start":{"line":120,"column":0},"end":{"line":135,"column":2}},"59":{"start":{"line":121,"column":2},"end":{"line":134,"column":3}},"60":{"start":{"line":122,"column":23},"end":{"line":122,"column":32}},"61":{"start":{"line":123,"column":16},"end":{"line":123,"column":18}},"62":{"start":{"line":125,"column":4},"end":{"line":127,"column":5}},"63":{"start":{"line":126,"column":6},"end":{"line":126,"column":56}},"64":{"start":{"line":129,"column":17},"end":{"line":129,"column":62}},"65":{"start":{"line":130,"column":4},"end":{"line":130,"column":19}},"66":{"start":{"line":132,"column":4},"end":{"line":132,"column":23}},"67":{"start":{"line":133,"column":4},"end":{"line":133,"column":52}}},"fnMap":{"0":{"name":"(anonymous_0)","decl":{"start":{"line":6,"column":19},"end":{"line":6,"column":20}},"loc":{"start":{"line":6,"column":28},"end":{"line":13,"column":1}},"line":6},"1":{"name":"(anonymous_1)","decl":{"start":{"line":15,"column":20},"end":{"line":15,"column":21}},"loc":{"start":{"line":15,"column":40},"end":{"line":46,"column":1}},"line":15},"2":{"name":"(anonymous_2)","decl":{"start":{"line":49,"column":20},"end":{"line":49,"column":21}},"loc":{"start":{"line":49,"column":40},"end":{"line":72,"column":1}},"line":49},"3":{"name":"(anonymous_3)","decl":{"start":{"line":75,"column":22},"end":{"line":75,"column":23}},"loc":{"start":{"line":75,"column":42},"end":{"line":94,"column":1}},"line":75},"4":{"name":"(anonymous_4)","decl":{"start":{"line":97,"column":22},"end":{"line":97,"column":23}},"loc":{"start":{"line":97,"column":42},"end":{"line":117,"column":1}},"line":97},"5":{"name":"(anonymous_5)","decl":{"start":{"line":120,"column":19},"end":{"line":120,"column":20}},"loc":{"start":{"line":120,"column":39},"end":{"line":135,"column":1}},"line":120}},"branchMap":{"0":{"loc":{"start":{"line":19,"column":4},"end":{"line":21,"column":5}},"type":"if","locations":[{"start":{"line":19,"column":4},"end":{"line":21,"column":5}},{"start":{},"end":{}}],"line":19},"1":{"loc":{"start":{"line":27,"column":4},"end":{"line":29,"column":5}},"type":"if","locations":[{"start":{"line":27,"column":4},"end":{"line":29,"column":5}},{"start":{},"end":{}}],"line":27},"2":{"loc":{"start":{"line":53,"column":4},"end":{"line":55,"column":5}},"type":"if","locations":[{"start":{"line":53,"column":4},"end":{"line":55,"column":5}},{"start":{},"end":{}}],"line":53},"3":{"loc":{"start":{"line":63,"column":4},"end":{"line":65,"column":5}},"type":"if","locations":[{"start":{"line":63,"column":4},"end":{"line":65,"column":5}},{"start":{},"end":{}}],"line":63},"4":{"loc":{"start":{"line":80,"column":4},"end":{"line":82,"column":5}},"type":"if","locations":[{"start":{"line":80,"column":4},"end":{"line":82,"column":5}},{"start":{},"end":{}}],"line":80},"5":{"loc":{"start":{"line":102,"column":4},"end":{"line":104,"column":5}},"type":"if","locations":[{"start":{"line":102,"column":4},"end":{"line":104,"column":5}},{"start":{},"end":{}}],"line":102},"6":{"loc":{"start":{"line":125,"column":4},"end":{"line":127,"column":5}},"type":"if","locations":[{"start":{"line":125,"column":4},"end":{"line":127,"column":5}},{"start":{},"end":{}}],"line":125},"7":{"loc":{"start":{"line":125,"column":8},"end":{"line":125,"column":36}},"type":"binary-expr","locations":[{"start":{"line":125,"column":8},"end":{"line":125,"column":14}},{"start":{"line":125,"column":18},"end":{"line":125,"column":36}}],"line":125}},"s":{"0":1,"1":1,"2":1,"3":1,"4":0,"5":0,"6":0,"7":0,"8":1,"9":0,"10":0,"11":0,"12":0,"13":0,"14":0,"15":0,"16":0,"17":0,"18":0,"19":0,"20":0,"21":0,"22":0,"23":0,"24":1,"25":0,"26":0,"27":0,"28":0,"29":0,"30":0,"31":0,"32":0,"33":0,"34":0,"35":0,"36":0,"37":1,"38":0,"39":0,"40":0,"41":0,"42":0,"43":0,"44":0,"45":0,"46":0,"47":0,"48":0,"49":1,"50":0,"51":0,"52":0,"53":0,"54":0,"55":0,"56":0,"57":0,"58":1,"59":0,"60":0,"61":0,"62":0,"63":0,"64":0,"65":0,"66":0,"67":0},"f":{"0":0,"1":0,"2":0,"3":0,"4":0,"5":0},"b":{"0":[0,0],"1":[0,0],"2":[0,0],"3":[0,0],"4":[0,0],"5":[0,0],"6":[0,0],"7":[0,0]},"_coverageSchema":"1a1c01bbd47fc00a2c39e90264f33305004495a9","hash":"4c3e2396ad19843b4aa5def2cc8961912603dd35"}
,"/Users/user/Documents/shortlink-server/middleware/validator.js": {"path":"/Users/user/Documents/shortlink-server/middleware/validator.js","statementMap":{"0":{"start":{"line":1,"column":18},"end":{"line":1,"column":46}},"1":{"start":{"line":3,"column":0},"end":{"line":9,"column":2}},"2":{"start":{"line":11,"column":0},"end":{"line":17,"column":2}}},"fnMap":{},"branchMap":{},"s":{"0":1,"1":1,"2":1},"f":{},"b":{},"_coverageSchema":"1a1c01bbd47fc00a2c39e90264f33305004495a9","hash":"6088892a0e98d5e61fd75a6844ec9dac0d44bd8c"}
,"/Users/user/Documents/shortlink-server/models/Url.js": {"path":"/Users/user/Documents/shortlink-server/models/Url.js","statementMap":{"0":{"start":{"line":1,"column":17},"end":{"line":1,"column":36}},"1":{"start":{"line":2,"column":16},"end":{"line":2,"column":34}},"2":{"start":{"line":4,"column":18},"end":{"line":31,"column":2}},"3":{"start":{"line":33,"column":0},"end":{"line":33,"column":50}}},"fnMap":{},"branchMap":{},"s":{"0":1,"1":1,"2":1,"3":1},"f":{},"b":{},"_coverageSchema":"1a1c01bbd47fc00a2c39e90264f33305004495a9","hash":"768c8f35d268b9e7dd8223d5bd9f4db0795489f8"}
,"/Users/user/Documents/shortlink-server/routes/urlRoutes.js": {"path":"/Users/user/Documents/shortlink-server/routes/urlRoutes.js","statementMap":{"0":{"start":{"line":1,"column":16},"end":{"line":1,"column":34}},"1":{"start":{"line":2,"column":15},"end":{"line":2,"column":31}},"2":{"start":{"line":3,"column":22},"end":{"line":3,"column":61}},"3":{"start":{"line":4,"column":51},"end":{"line":4,"column":85}},"4":{"start":{"line":7,"column":0},"end":{"line":7,"column":68}},"5":{"start":{"line":8,"column":0},"end":{"line":8,"column":68}},"6":{"start":{"line":9,"column":0},"end":{"line":9,"column":61}},"7":{"start":{"line":10,"column":0},"end":{"line":10,"column":44}},"8":{"start":{"line":13,"column":0},"end":{"line":13,"column":51}},"9":{"start":{"line":15,"column":0},"end":{"line":15,"column":24}}},"fnMap":{},"branchMap":{},"s":{"0":1,"1":1,"2":1,"3":1,"4":1,"5":1,"6":1,"7":1,"8":1,"9":1},"f":{},"b":{},"_coverageSchema":"1a1c01bbd47fc00a2c39e90264f33305004495a9","hash":"ca31d3932f1f8068ad86daa6b8e382b87eb14c96"}
}
