TN:
SF:index.js
FN:21,(anonymous_0)
FNF:1
FNH:1
FNDA:1,(anonymous_0)
DA:1,1
DA:2,1
DA:3,1
DA:4,1
DA:5,1
DA:7,1
DA:10,1
DA:13,1
DA:14,1
DA:16,1
DA:19,1
DA:21,1
LF:12
LH:12
BRDA:19,0,0,1
BRDA:19,0,1,0
BRF:2
BRH:1
end_of_record
TN:
SF:controllers/urlController.js
FN:5,(anonymous_0)
FN:26,(anonymous_1)
FN:43,(anonymous_2)
FN:63,(anonymous_3)
FN:85,(anonymous_4)
FNF:5
FNH:0
FNDA:0,(anonymous_0)
FNDA:0,(anonymous_1)
FNDA:0,(anonymous_2)
FNDA:0,(anonymous_3)
FNDA:0,(anonymous_4)
DA:1,1
DA:2,1
DA:5,1
DA:6,0
DA:7,0
DA:8,0
DA:9,0
DA:11,0
DA:17,0
DA:18,0
DA:20,0
DA:21,0
DA:26,1
DA:27,0
DA:28,0
DA:29,0
DA:31,0
DA:32,0
DA:35,0
DA:37,0
DA:38,0
DA:43,1
DA:44,0
DA:45,0
DA:47,0
DA:48,0
DA:51,0
DA:52,0
DA:53,0
DA:55,0
DA:57,0
DA:58,0
DA:63,1
DA:64,0
DA:65,0
DA:67,0
DA:68,0
DA:71,0
DA:79,0
DA:80,0
DA:85,1
DA:86,0
DA:87,0
DA:88,0
DA:90,0
DA:91,0
DA:94,0
DA:95,0
DA:97,0
DA:98,0
LF:50
LH:7
BRDA:31,0,0,0
BRDA:31,0,1,0
BRDA:47,1,0,0
BRDA:47,1,1,0
BRDA:67,2,0,0
BRDA:67,2,1,0
BRDA:90,3,0,0
BRDA:90,3,1,0
BRDA:90,4,0,0
BRDA:90,4,1,0
BRF:10
BRH:0
end_of_record
TN:
SF:models/Url.js
FNF:0
FNH:0
DA:1,1
DA:2,1
DA:4,1
DA:33,1
LF:4
LH:4
BRF:0
BRH:0
end_of_record
TN:
SF:routes/urlRoutes.js
FNF:0
FNH:0
DA:1,1
DA:2,1
DA:3,1
DA:6,1
DA:7,1
DA:8,1
DA:9,1
DA:12,1
DA:14,1
LF:9
LH:9
BRF:0
BRH:0
end_of_record
